# JRE version: OpenJDK Runtime Environment (8.0_222-b10) (build 1.8.0_222-8u222-b10-1ubuntu1~18.04.1-b10)
# Java VM: OpenJDK 64-Bit Server VM (25.222-b10 mixed mode linux-amd64 compressed oops)
Heap:
 PSYoungGen      total 136704K, used 9696K [0x00000000d7300000, 0x00000000e0200000, 0x0000000100000000)
  eden space 126976K, 0% used [0x00000000d7300000,0x00000000d7300000,0x00000000def00000)
  from space 9728K, 99% used [0x00000000def00000,0x00000000df8780d8,0x00000000df880000)
  to   space 9728K, 0% used [0x00000000df880000,0x00000000df880000,0x00000000e0200000)
 ParOldGen       total 47616K, used 9647K [0x0000000085800000, 0x0000000088680000, 0x00000000d7300000)
  object space 47616K, 20% used [0x0000000085800000,0x000000008616bf10,0x0000000088680000)
 Metaspace       used 25285K, capacity 26026K, committed 26112K, reserved 1073152K
  class space    used 3144K, capacity 3317K, committed 3328K, reserved 1048576K
GC Heap History (10 events):
Event: 1,599 GC heap after
Heap after GC invocations=3 (full 0):
 PSYoungGen      total 36864K, used 4549K [0x00000000d7300000, 0x00000000dbb00000, 0x0000000100000000)
  eden space 31744K, 0% used [0x00000000d7300000,0x00000000d7300000,0x00000000d9200000)
  from space 5120K, 88% used [0x00000000d9200000,0x00000000d96715e8,0x00000000d9700000)
  to   space 5120K, 0% used [0x00000000db600000,0x00000000db600000,0x00000000dbb00000)
 ParOldGen       total 84992K, used 33K [0x0000000085800000, 0x000000008ab00000, 0x00000000d7300000)
  object space 84992K, 0% used [0x0000000085800000,0x0000000085808798,0x000000008ab00000)
 Metaspace       used 11576K, capacity 11904K, committed 12032K, reserved 1060864K
  class space    used 1362K, capacity 1488K, committed 1536K, reserved 1048576K
}
Event: 1,857 GC heap before
{Heap before GC invocations=4 (full 0):
 PSYoungGen      total 36864K, used 36293K [0x00000000d7300000, 0x00000000dbb00000, 0x0000000100000000)
  eden space 31744K, 100% used [0x00000000d7300000,0x00000000d9200000,0x00000000d9200000)
  from space 5120K, 88% used [0x00000000d9200000,0x00000000d96715e8,0x00000000d9700000)
  to   space 5120K, 0% used [0x00000000db600000,0x00000000db600000,0x00000000dbb00000)
 ParOldGen       total 84992K, used 33K [0x0000000085800000, 0x000000008ab00000, 0x00000000d7300000)
  object space 84992K, 0% used [0x0000000085800000,0x0000000085808798,0x000000008ab00000)
 Metaspace       used 13248K, capacity 13592K, committed 13824K, reserved 1060864K
  class space    used 1667K, capacity 1760K, committed 1792K, reserved 1048576K
Event: 1,869 GC heap after
Heap after GC invocations=4 (full 0):
 PSYoungGen      total 68608K, used 4786K [0x00000000d7300000, 0x00000000dbb00000, 0x0000000100000000)
  eden space 63488K, 0% used [0x00000000d7300000,0x00000000d7300000,0x00000000db100000)
  from space 5120K, 93% used [0x00000000db600000,0x00000000dbaac9a0,0x00000000dbb00000)
  to   space 5120K, 0% used [0x00000000db100000,0x00000000db100000,0x00000000db600000)
 ParOldGen       total 84992K, used 41K [0x0000000085800000, 0x000000008ab00000, 0x00000000d7300000)
  object space 84992K, 0% used [0x0000000085800000,0x000000008580a798,0x000000008ab00000)
 Metaspace       used 13248K, capacity 13592K, committed 13824K, reserved 1060864K
  class space    used 1667K, capacity 1760K, committed 1792K, reserved 1048576K
}
Event: 2,478 GC heap before
{Heap before GC invocations=5 (full 0):
 PSYoungGen      total 68608K, used 68274K [0x00000000d7300000, 0x00000000dbb00000, 0x0000000100000000)
  eden space 63488K, 100% used [0x00000000d7300000,0x00000000db100000,0x00000000db100000)
  from space 5120K, 93% used [0x00000000db600000,0x00000000dbaac9a0,0x00000000dbb00000)
  to   space 5120K, 0% used [0x00000000db100000,0x00000000db100000,0x00000000db600000)
 ParOldGen       total 84992K, used 41K [0x0000000085800000, 0x000000008ab00000, 0x00000000d7300000)
  object space 84992K, 0% used [0x0000000085800000,0x000000008580a798,0x000000008ab00000)
 Metaspace       used 19148K, capacity 19608K, committed 19712K, reserved 1067008K
  class space    used 2378K, capacity 2520K, committed 2560K, reserved 1048576K
Event: 2,493 GC heap after
Heap after GC invocations=5 (full 0):
 PSYoungGen      total 68608K, used 5112K [0x00000000d7300000, 0x00000000e0200000, 0x0000000100000000)
  eden space 63488K, 0% used [0x00000000d7300000,0x00000000d7300000,0x00000000db100000)
  from space 5120K, 99% used [0x00000000db100000,0x00000000db5fe330,0x00000000db600000)
  to   space 9728K, 0% used [0x00000000df880000,0x00000000df880000,0x00000000e0200000)
 ParOldGen       total 84992K, used 4212K [0x0000000085800000, 0x000000008ab00000, 0x00000000d7300000)
  object space 84992K, 4% used [0x0000000085800000,0x0000000085c1d338,0x000000008ab00000)
 Metaspace       used 19148K, capacity 19608K, committed 19712K, reserved 1067008K
  class space    used 2378K, capacity 2520K, committed 2560K, reserved 1048576K
}
Event: 2,782 GC heap before
{Heap before GC invocations=6 (full 0):
 PSYoungGen      total 68608K, used 57730K [0x00000000d7300000, 0x00000000e0200000, 0x0000000100000000)
  eden space 63488K, 82% used [0x00000000d7300000,0x00000000da6627d0,0x00000000db100000)
  from space 5120K, 99% used [0x00000000db100000,0x00000000db5fe330,0x00000000db600000)
  to   space 9728K, 0% used [0x00000000df880000,0x00000000df880000,0x00000000e0200000)
 ParOldGen       total 84992K, used 4212K [0x0000000085800000, 0x000000008ab00000, 0x00000000d7300000)
  object space 84992K, 4% used [0x0000000085800000,0x0000000085c1d338,0x000000008ab00000)
 Metaspace       used 20605K, capacity 21106K, committed 21248K, reserved 1067008K
  class space    used 2581K, capacity 2717K, committed 2816K, reserved 1048576K
Event: 2,793 GC heap after
Heap after GC invocations=6 (full 0):
 PSYoungGen      total 136704K, used 6754K [0x00000000d7300000, 0x00000000e0200000, 0x0000000100000000)
  eden space 126976K, 0% used [0x00000000d7300000,0x00000000d7300000,0x00000000def00000)
  from space 9728K, 69% used [0x00000000df880000,0x00000000dff18940,0x00000000e0200000)
  to   space 9728K, 0% used [0x00000000def00000,0x00000000def00000,0x00000000df880000)
 ParOldGen       total 84992K, used 4220K [0x0000000085800000, 0x000000008ab00000, 0x00000000d7300000)
  object space 84992K, 4% used [0x0000000085800000,0x0000000085c1f338,0x000000008ab00000)
 Metaspace       used 20605K, capacity 21106K, committed 21248K, reserved 1067008K
  class space    used 2581K, capacity 2717K, committed 2816K, reserved 1048576K
}
Event: 2,793 GC heap before
{Heap before GC invocations=7 (full 1):
 PSYoungGen      total 136704K, used 6754K [0x00000000d7300000, 0x00000000e0200000, 0x0000000100000000)
  eden space 126976K, 0% used [0x00000000d7300000,0x00000000d7300000,0x00000000def00000)
  from space 9728K, 69% used [0x00000000df880000,0x00000000dff18940,0x00000000e0200000)
  to   space 9728K, 0% used [0x00000000def00000,0x00000000def00000,0x00000000df880000)
 ParOldGen       total 84992K, used 4220K [0x0000000085800000, 0x000000008ab00000, 0x00000000d7300000)
  object space 84992K, 4% used [0x0000000085800000,0x0000000085c1f338,0x000000008ab00000)
 Metaspace       used 20605K, capacity 21106K, committed 21248K, reserved 1067008K
  class space    used 2581K, capacity 2717K, committed 2816K, reserved 1048576K
Event: 2,860 GC heap after
Heap after GC invocations=7 (full 1):
 PSYoungGen      total 136704K, used 0K [0x00000000d7300000, 0x00000000e0200000, 0x0000000100000000)
  eden space 126976K, 0% used [0x00000000d7300000,0x00000000d7300000,0x00000000def00000)
  from space 9728K, 0% used [0x00000000df880000,0x00000000df880000,0x00000000e0200000)
  to   space 9728K, 0% used [0x00000000def00000,0x00000000def00000,0x00000000df880000)
 ParOldGen       total 47616K, used 7039K [0x0000000085800000, 0x0000000088680000, 0x00000000d7300000)
  object space 47616K, 14% used [0x0000000085800000,0x0000000085edfc10,0x0000000088680000)
 Metaspace       used 20605K, capacity 21106K, committed 21248K, reserved 1067008K
  class space    used 2581K, capacity 2717K, committed 2816K, reserved 1048576K
}
Event: 197,497 GC heap before
{Heap before GC invocations=8 (full 1):
 PSYoungGen      total 136704K, used 126976K [0x00000000d7300000, 0x00000000e0200000, 0x0000000100000000)
  eden space 126976K, 100% used [0x00000000d7300000,0x00000000def00000,0x00000000def00000)
  from space 9728K, 0% used [0x00000000df880000,0x00000000df880000,0x00000000e0200000)
  to   space 9728K, 0% used [0x00000000def00000,0x00000000def00000,0x00000000df880000)
 ParOldGen       total 47616K, used 7039K [0x0000000085800000, 0x0000000088680000, 0x00000000d7300000)
  object space 47616K, 14% used [0x0000000085800000,0x0000000085edfc10,0x0000000088680000)
 Metaspace       used 25285K, capacity 26026K, committed 26112K, reserved 1073152K
  class space    used 3144K, capacity 3317K, committed 3328K, reserved 1048576K

